# JRE version: OpenJDK Runtime Environment (8.0_112-b06) (build 1.8.0_112-release-b06)
# Java VM: OpenJDK Server VM (25.112-b06 mixed mode windows-x86 )
Heap:
 PSYoungGen      total 199680K, used 59175K [0x3bac0000, 0x4da80000, 0x51000000)
  eden space 189184K, 31% used [0x3bac0000,0x3f489da0,0x47380000)
  from space 10496K, 0% used [0x4d040000,0x4d040000,0x4da80000)
  to   space 15872K, 0% used [0x4bb80000,0x4bb80000,0x4cb00000)
 ParOldGen       total 77824K, used 47682K [0x11000000, 0x15c00000, 0x3bac0000)
  object space 77824K, 61% used [0x11000000,0x13e90990,0x15c00000)
 Metaspace       used 45086K, capacity 46417K, committed 46592K, reserved 47488K
GC Heap History (10 events):
Event: 15104.355 GC heap before
{Heap before GC invocations=28 (full 3):
 PSYoungGen      total 233728K, used 233565K [0x3bac0000, 0x4ee80000, 0x51000000)
  eden space 228096K, 99% used [0x3bac0000,0x499734c0,0x49980000)
  from space 5632K, 98% used [0x4e900000,0x4ee64130,0x4ee80000)
  to   space 15616K, 0% used [0x4d000000,0x4d000000,0x4df40000)
 ParOldGen       total 66304K, used 42637K [0x11000000, 0x150c0000, 0x3bac0000)
  object space 66304K, 64% used [0x11000000,0x139a3760,0x150c0000)
 Metaspace       used 44605K, capacity 45795K, committed 45824K, reserved 46464K
Event: 15104.552 GC heap after
Heap after GC invocations=28 (full 3):
 PSYoungGen      total 224256K, used 6502K [0x3bac0000, 0x4e940000, 0x51000000)
  eden space 217600K, 0% used [0x3bac0000,0x3bac0000,0x48f40000)
  from space 6656K, 97% used [0x4d000000,0x4d659b40,0x4d680000)
  to   space 15104K, 0% used [0x4da80000,0x4da80000,0x4e940000)
 ParOldGen       total 66304K, used 42729K [0x11000000, 0x150c0000, 0x3bac0000)
  object space 66304K, 64% used [0x11000000,0x139ba760,0x150c0000)
 Metaspace       used 44605K, capacity 45795K, committed 45824K, reserved 46464K
}
Event: 15445.340 GC heap before
{Heap before GC invocations=29 (full 3):
 PSYoungGen      total 224256K, used 224102K [0x3bac0000, 0x4e940000, 0x51000000)
  eden space 217600K, 100% used [0x3bac0000,0x48f40000,0x48f40000)
  from space 6656K, 97% used [0x4d000000,0x4d659b40,0x4d680000)
  to   space 15104K, 0% used [0x4da80000,0x4da80000,0x4e940000)
 ParOldGen       total 66304K, used 42729K [0x11000000, 0x150c0000, 0x3bac0000)
  object space 66304K, 64% used [0x11000000,0x139ba760,0x150c0000)
 Metaspace       used 44780K, capacity 45946K, committed 45952K, reserved 46464K
Event: 15445.612 GC heap after
Heap after GC invocations=29 (full 3):
 PSYoungGen      total 218624K, used 10821K [0x3bac0000, 0x4e540000, 0x51000000)
  eden space 207616K, 0% used [0x3bac0000,0x3bac0000,0x48580000)
  from space 11008K, 98% used [0x4da80000,0x4e511638,0x4e540000)
  to   space 15616K, 0% used [0x4c6c0000,0x4c6c0000,0x4d600000)
 ParOldGen       total 66304K, used 47570K [0x11000000, 0x150c0000, 0x3bac0000)
  object space 66304K, 71% used [0x11000000,0x13e74928,0x150c0000)
 Metaspace       used 44780K, capacity 45946K, committed 45952K, reserved 46464K
}
Event: 16105.615 GC heap before
{Heap before GC invocations=30 (full 3):
 PSYoungGen      total 218624K, used 218437K [0x3bac0000, 0x4e540000, 0x51000000)
  eden space 207616K, 100% used [0x3bac0000,0x48580000,0x48580000)
  from space 11008K, 98% used [0x4da80000,0x4e511638,0x4e540000)
  to   space 15616K, 0% used [0x4c6c0000,0x4c6c0000,0x4d600000)
 ParOldGen       total 66304K, used 47570K [0x11000000, 0x150c0000, 0x3bac0000)
  object space 66304K, 71% used [0x11000000,0x13e74928,0x150c0000)
 Metaspace       used 44981K, capacity 46259K, committed 46336K, reserved 46464K
Event: 16106.238 GC heap after
Heap after GC invocations=30 (full 3):
 PSYoungGen      total 207872K, used 9687K [0x3bac0000, 0x4dac0000, 0x51000000)
  eden space 198144K, 0% used [0x3bac0000,0x3bac0000,0x47c40000)
  from space 9728K, 99% used [0x4c6c0000,0x4d035ce8,0x4d040000)
  to   space 10752K, 0% used [0x4d040000,0x4d040000,0x4dac0000)
 ParOldGen       total 66304K, used 47574K [0x11000000, 0x150c0000, 0x3bac0000)
  object space 66304K, 71% used [0x11000000,0x13e75928,0x150c0000)
 Metaspace       used 44981K, capacity 46259K, committed 46336K, reserved 46464K
}
Event: 16196.342 GC heap before
{Heap before GC invocations=31 (full 3):
 PSYoungGen      total 207872K, used 206927K [0x3bac0000, 0x4dac0000, 0x51000000)
  eden space 198144K, 99% used [0x3bac0000,0x47b5e068,0x47c40000)
  from space 9728K, 99% used [0x4c6c0000,0x4d035ce8,0x4d040000)
  to   space 10752K, 0% used [0x4d040000,0x4d040000,0x4dac0000)
 ParOldGen       total 66304K, used 47574K [0x11000000, 0x150c0000, 0x3bac0000)
  object space 66304K, 71% used [0x11000000,0x13e75928,0x150c0000)
 Metaspace       used 45158K, capacity 46529K, committed 46592K, reserved 47488K
Event: 16196.512 GC heap after
Heap after GC invocations=31 (full 3):
 PSYoungGen      total 199680K, used 10397K [0x3bac0000, 0x4da80000, 0x51000000)
  eden space 189184K, 0% used [0x3bac0000,0x3bac0000,0x47380000)
  from space 10496K, 99% used [0x4d040000,0x4da67768,0x4da80000)
  to   space 15872K, 0% used [0x4bb80000,0x4bb80000,0x4cb00000)
 ParOldGen       total 66304K, used 57247K [0x11000000, 0x150c0000, 0x3bac0000)
  object space 66304K, 86% used [0x11000000,0x147e7e18,0x150c0000)
 Metaspace       used 45158K, capacity 46529K, committed 46592K, reserved 47488K
}
Event: 16196.521 GC heap before
{Heap before GC invocations=32 (full 4):
 PSYoungGen      total 199680K, used 10397K [0x3bac0000, 0x4da80000, 0x51000000)
  eden space 189184K, 0% used [0x3bac0000,0x3bac0000,0x47380000)
  from space 10496K, 99% used [0x4d040000,0x4da67768,0x4da80000)
  to   space 15872K, 0% used [0x4bb80000,0x4bb80000,0x4cb00000)
 ParOldGen       total 66304K, used 57247K [0x11000000, 0x150c0000, 0x3bac0000)
  object space 66304K, 86% used [0x11000000,0x147e7e18,0x150c0000)
 Metaspace       used 45158K, capacity 46529K, committed 46592K, reserved 47488K
Event: 16209.055 GC heap after
Heap after GC invocations=32 (full 4):
 PSYoungGen      total 199680K, used 0K [0x3bac0000, 0x4da80000, 0x51000000)
  eden space 189184K, 0% used [0x3bac0000,0x3bac0000,0x47380000)
  from space 10496K, 0% used [0x4d040000,0x4d040000,0x4da80000)
  to   space 15872K, 0% used [0x4bb80000,0x4bb80000,0x4cb00000)
 ParOldGen       total 77824K, used 47682K [0x11000000, 0x15c00000, 0x3bac0000)
  object space 77824K, 61% used [0x11000000,0x13e90990,0x15c00000)
 Metaspace       used 45072K, capacity 46412K, committed 46592K, reserved 47488K
}

